[debug] [2025-02-04T21:26:27.138Z] ----------------------------------------------------------------------
[debug] [2025-02-04T21:26:27.140Z] Command:       C:\Program Files\nodejs\node.exe C:\Users\guilh\AppData\Roaming\npm\node_modules\firebase-tools\lib\bin\firebase.js init hosting
[debug] [2025-02-04T21:26:27.140Z] CLI Version:   13.29.3
[debug] [2025-02-04T21:26:27.140Z] Platform:      win32
[debug] [2025-02-04T21:26:27.140Z] Node Version:  v22.13.1
[debug] [2025-02-04T21:26:27.140Z] Time:          Tue Feb 04 2025 22:26:27 GMT+0100 (heure normale d’Europe centrale)
[debug] [2025-02-04T21:26:27.140Z] ----------------------------------------------------------------------
[debug] 
[debug] [2025-02-04T21:26:27.145Z] > command requires scopes: ["email","openid","https://www.googleapis.com/auth/cloudplatformprojects.readonly","https://www.googleapis.com/auth/firebase","https://www.googleapis.com/auth/cloud-platform"]
[debug] [2025-02-04T21:26:27.145Z] > authorizing via signed-in user (guilhem.garnier@gmail.com)
[info] 
     ######## #### ########  ######## ########     ###     ######  ########
     ##        ##  ##     ## ##       ##     ##  ##   ##  ##       ##
     ######    ##  ########  ######   ########  #########  ######  ######
     ##        ##  ##    ##  ##       ##     ## ##     ##       ## ##
     ##       #### ##     ## ######## ########  ##     ##  ######  ########

You're about to initialize a Firebase project in this directory:

  C:\Users\guilh\Projets\objectives-tracker

[info] 
=== Project Setup
[info] 
[info] First, let's associate this project directory with a Firebase project.
[info] You can create multiple project aliases by running firebase use --add, 
[info] but for now we'll just set up a default project.
[info] 
[debug] [2025-02-04T21:26:46.284Z] Checked if tokens are valid: true, expires at: 1738707956059
[debug] [2025-02-04T21:26:46.284Z] Checked if tokens are valid: true, expires at: 1738707956059
[debug] [2025-02-04T21:26:46.285Z] >>> [apiv2][query] GET https://firebase.googleapis.com/v1beta1/projects pageSize=100
[debug] [2025-02-04T21:26:46.703Z] <<< [apiv2][status] GET https://firebase.googleapis.com/v1beta1/projects 200
[debug] [2025-02-04T21:26:46.703Z] <<< [apiv2][body] GET https://firebase.googleapis.com/v1beta1/projects [omitted]
[info] i  Using project objectives-tracker (objectives-tracker) 
[info] 
=== Hosting Setup
[debug] [2025-02-04T21:26:49.296Z] Checked if tokens are valid: true, expires at: 1738707956059
[debug] [2025-02-04T21:26:49.297Z] Checked if tokens are valid: true, expires at: 1738707956059
[debug] [2025-02-04T21:26:49.297Z] >>> [apiv2][query] GET https://firebase.googleapis.com/v1beta1/projects/objectives-tracker [none]
[debug] [2025-02-04T21:26:49.460Z] <<< [apiv2][status] GET https://firebase.googleapis.com/v1beta1/projects/objectives-tracker 200
[debug] [2025-02-04T21:26:49.460Z] <<< [apiv2][body] GET https://firebase.googleapis.com/v1beta1/projects/objectives-tracker {"projectId":"objectives-tracker","projectNumber":"1061864527967","displayName":"objectives-tracker","name":"projects/objectives-tracker","resources":{"hostingSite":"objectives-tracker"},"state":"ACTIVE","etag":"1_026c5380-46c5-4fd5-951c-fea3953699b9"}
[info] 
[info] Your public directory is the folder (relative to your project directory) that
[info] will contain Hosting assets to be uploaded with firebase deploy. If you
[info] have a build process for your assets, use your build's output directory.
[info] 
